0 info it worked if it ends with ok
1 verbose cli [ '/usr/bin/node', '/usr/bin/npm', 'link' ]
2 info using npm@3.10.10
3 info using node@v6.13.1
4 verbose linkPkg /home/michal/dev/sgh/test/sd-tree-designer
5 silly gentlyRm /usr/lib/node_modules/sd-tree-designer is being purged
6 verbose gentlyRm don't care about contents; nuking /usr/lib/node_modules/sd-tree-designer
7 verbose stack Error: EACCES: permission denied, symlink '/home/michal/dev/sgh/test/sd-tree-designer' -> '/usr/lib/node_modules/sd-tree-designer'
7 verbose stack     at Error (native)
8 verbose cwd /home/michal/dev/sgh/test/sd-tree-designer
9 error Linux 4.4.0-116-generic
10 error argv "/usr/bin/node" "/usr/bin/npm" "link"
11 error node v6.13.1
12 error npm  v3.10.10
13 error path /home/michal/dev/sgh/test/sd-tree-designer
14 error code EACCES
15 error errno -13
16 error syscall symlink
17 error Error: EACCES: permission denied, symlink '/home/michal/dev/sgh/test/sd-tree-designer' -> '/usr/lib/node_modules/sd-tree-designer'
17 error     at Error (native)
17 error  { Error: EACCES: permission denied, symlink '/home/michal/dev/sgh/test/sd-tree-designer' -> '/usr/lib/node_modules/sd-tree-designer'
17 error     at Error (native)
17 error   errno: -13,
17 error   code: 'EACCES',
17 error   syscall: 'symlink',
17 error   path: '/home/michal/dev/sgh/test/sd-tree-designer',
17 error   dest: '/usr/lib/node_modules/sd-tree-designer' }
18 error Please try running this command again as root/Administrator.
19 verbose exit [ -13, true ]
